<?xml version="1.0" encoding="UTF-8"?>
<testng-results ignored="0" total="2" passed="2" failed="0" skipped="0">
  <reporter-output>
  </reporter-output>
  <suite started-at="2022-08-16T13:11:04 IST" name="Default suite" finished-at="2022-08-16T13:12:11 IST" duration-ms="67218">
    <groups>
      <group name="cucumber">
        <method signature="AbstractTestNGCucumberTests.runScenario(io.cucumber.testng.PickleWrapper,io.cucumber.testng.FeatureWrapper)[pri:0, instance:tests.TestRunner@750e2b97]" name="runScenario" class="io.cucumber.testng.AbstractTestNGCucumberTests"/>
      </group> <!-- cucumber -->
    </groups>
    <test started-at="2022-08-16T13:11:04 IST" name="Default test" finished-at="2022-08-16T13:12:11 IST" duration-ms="67218">
      <class name="tests.TestRunner">
        <test-method is-config="true" signature="setUpClass(org.testng.ITestContext)[pri:0, instance:tests.TestRunner@750e2b97]" started-at="2022-08-16T13:11:04 IST" name="setUpClass" finished-at="2022-08-16T13:11:05 IST" duration-ms="714" status="PASS">
          <params>
            <param index="0">
              <value>
                <![CDATA[org.testng.TestRunner@22a4ca4a]]>
              </value>
            </param>
          </params>
          <reporter-output>
          </reporter-output>
        </test-method> <!-- setUpClass -->
        <test-method signature="runScenario(io.cucumber.testng.PickleWrapper,io.cucumber.testng.FeatureWrapper)[pri:0, instance:tests.TestRunner@750e2b97]" started-at="2022-08-16T13:11:05 IST" name="runScenario" description="Runs Cucumber Scenarios" data-provider="scenarios" finished-at="2022-08-16T13:11:41 IST" duration-ms="36739" status="PASS">
          <params>
            <param index="0">
              <value>
                <![CDATA["validation of all top menu's at HomePage"]]>
              </value>
            </param>
            <param index="1">
              <value>
                <![CDATA["Optional[Functionality of Myntra Application]"]]>
              </value>
            </param>
          </params>
          <reporter-output>
          </reporter-output>
        </test-method> <!-- runScenario -->
        <test-method signature="runScenario(io.cucumber.testng.PickleWrapper,io.cucumber.testng.FeatureWrapper)[pri:0, instance:tests.TestRunner@750e2b97]" started-at="2022-08-16T13:11:41 IST" name="runScenario" description="Runs Cucumber Scenarios" data-provider="scenarios" finished-at="2022-08-16T13:12:09 IST" duration-ms="28061" status="PASS">
          <params>
            <param index="0">
              <value>
                <![CDATA["validation of SearchProduct Functionality"]]>
              </value>
            </param>
            <param index="1">
              <value>
                <![CDATA["Optional[Functionality of Myntra Application]"]]>
              </value>
            </param>
          </params>
          <reporter-output>
          </reporter-output>
        </test-method> <!-- runScenario -->
        <test-method is-config="true" signature="tearDownClass()[pri:0, instance:tests.TestRunner@750e2b97]" started-at="2022-08-16T13:12:09 IST" name="tearDownClass" finished-at="2022-08-16T13:12:11 IST" duration-ms="1633" status="PASS">
          <reporter-output>
          </reporter-output>
        </test-method> <!-- tearDownClass -->
      </class> <!-- tests.TestRunner -->
    </test> <!-- Default test -->
  </suite> <!-- Default suite -->
</testng-results>
